2021-10-26 10:20:47.739  INFO 15708 --- [main] c.l.project2.Project2ApplicationTests    : Starting Project2ApplicationTests using Java 1.8.0_302 on DESKTOP-GTIL6SV with PID 15708 (started by erose in C:\Users\erose\Desktop\Projects\Project2\project2\IntellijBuild)
2021-10-26 10:20:47.745 DEBUG 15708 --- [main] c.l.project2.Project2ApplicationTests    : Running with Spring Boot v2.5.5, Spring v5.3.10
2021-10-26 10:20:47.746  INFO 15708 --- [main] c.l.project2.Project2ApplicationTests    : No active profile set, falling back to default profiles: default
2021-10-26 10:20:49.556  INFO 15708 --- [main] com.zaxxer.hikari.HikariDataSource       : HikariPool-1 - Starting...
2021-10-26 10:20:50.994  INFO 15708 --- [main] com.zaxxer.hikari.HikariDataSource       : HikariPool-1 - Start completed.
2021-10-26 10:20:51.064  INFO 15708 --- [main] o.hibernate.jpa.internal.util.LogHelper  : HHH000204: Processing PersistenceUnitInfo [name: default]
2021-10-26 10:20:51.123  INFO 15708 --- [main] org.hibernate.Version                    : HHH000412: Hibernate ORM core version 5.4.32.Final
2021-10-26 10:20:51.167  INFO 15708 --- [main] o.hibernate.annotations.common.Version   : HCANN000001: Hibernate Commons Annotations {5.1.2.Final}
2021-10-26 10:20:51.317  INFO 15708 --- [main] org.hibernate.dialect.Dialect            : HHH000400: Using dialect: org.hibernate.dialect.PostgreSQL95Dialect
2021-10-26 10:20:52.227  INFO 15708 --- [main] o.h.e.t.j.p.i.JtaPlatformInitiator       : HHH000490: Using JtaPlatform implementation: [org.hibernate.engine.transaction.jta.platform.internal.NoJtaPlatform]
2021-10-26 10:20:52.257  INFO 15708 --- [main] c.learning.project2.web.lex.BotService   : Initializing bot from yaml file
2021-10-26 10:20:54.620  INFO 15708 --- [main] c.l.project2.Project2ApplicationTests    : Started Project2ApplicationTests in 7.212 seconds (JVM running for 8.461)
2021-10-26 10:20:54.714  INFO 15708 --- [SpringApplicationShutdownHook] com.zaxxer.hikari.HikariDataSource       : HikariPool-1 - Shutdown initiated...
2021-10-26 10:20:54.788  INFO 15708 --- [SpringApplicationShutdownHook] com.zaxxer.hikari.HikariDataSource       : HikariPool-1 - Shutdown completed.
2021-10-26 10:21:07.445  INFO 15620 --- [main] c.l.project2.Project2ApplicationTests    : Starting Project2ApplicationTests using Java 1.8.0_302 on DESKTOP-GTIL6SV with PID 15620 (started by erose in C:\Users\erose\Desktop\Projects\Project2\project2\IntellijBuild)
2021-10-26 10:21:07.446 DEBUG 15620 --- [main] c.l.project2.Project2ApplicationTests    : Running with Spring Boot v2.5.5, Spring v5.3.10
2021-10-26 10:21:07.448  INFO 15620 --- [main] c.l.project2.Project2ApplicationTests    : No active profile set, falling back to default profiles: default
2021-10-26 10:21:09.271  INFO 15620 --- [main] com.zaxxer.hikari.HikariDataSource       : HikariPool-1 - Starting...
2021-10-26 10:21:10.755  INFO 15620 --- [main] com.zaxxer.hikari.HikariDataSource       : HikariPool-1 - Start completed.
2021-10-26 10:21:10.821  INFO 15620 --- [main] o.hibernate.jpa.internal.util.LogHelper  : HHH000204: Processing PersistenceUnitInfo [name: default]
2021-10-26 10:21:10.889  INFO 15620 --- [main] org.hibernate.Version                    : HHH000412: Hibernate ORM core version 5.4.32.Final
2021-10-26 10:21:10.939  INFO 15620 --- [main] o.hibernate.annotations.common.Version   : HCANN000001: Hibernate Commons Annotations {5.1.2.Final}
2021-10-26 10:21:11.079  INFO 15620 --- [main] org.hibernate.dialect.Dialect            : HHH000400: Using dialect: org.hibernate.dialect.PostgreSQL95Dialect
2021-10-26 10:21:12.405  INFO 15620 --- [main] o.h.e.t.j.p.i.JtaPlatformInitiator       : HHH000490: Using JtaPlatform implementation: [org.hibernate.engine.transaction.jta.platform.internal.NoJtaPlatform]
2021-10-26 10:21:12.436  INFO 15620 --- [main] c.learning.project2.web.lex.BotService   : Initializing bot from yaml file
2021-10-26 10:21:14.849  INFO 15620 --- [main] c.l.project2.Project2ApplicationTests    : Started Project2ApplicationTests in 7.761 seconds (JVM running for 8.926)
2021-10-26 10:21:14.949  INFO 15620 --- [SpringApplicationShutdownHook] com.zaxxer.hikari.HikariDataSource       : HikariPool-1 - Shutdown initiated...
2021-10-26 10:21:15.028  INFO 15620 --- [SpringApplicationShutdownHook] com.zaxxer.hikari.HikariDataSource       : HikariPool-1 - Shutdown completed.
2021-10-26 10:50:51.248  INFO 16716 --- [main] c.l.project2.Project2ApplicationTests    : Starting Project2ApplicationTests using Java 1.8.0_302 on DESKTOP-GTIL6SV with PID 16716 (started by erose in C:\Users\erose\Desktop\Projects\Project2\project2\IntellijBuild)
2021-10-26 10:50:51.249 DEBUG 16716 --- [main] c.l.project2.Project2ApplicationTests    : Running with Spring Boot v2.5.5, Spring v5.3.10
2021-10-26 10:50:51.250  INFO 16716 --- [main] c.l.project2.Project2ApplicationTests    : No active profile set, falling back to default profiles: default
2021-10-26 10:50:53.074  INFO 16716 --- [main] com.zaxxer.hikari.HikariDataSource       : HikariPool-1 - Starting...
2021-10-26 10:50:54.040  INFO 16716 --- [main] com.zaxxer.hikari.HikariDataSource       : HikariPool-1 - Start completed.
2021-10-26 10:50:54.117  INFO 16716 --- [main] o.hibernate.jpa.internal.util.LogHelper  : HHH000204: Processing PersistenceUnitInfo [name: default]
2021-10-26 10:50:54.185  INFO 16716 --- [main] org.hibernate.Version                    : HHH000412: Hibernate ORM core version 5.4.32.Final
2021-10-26 10:50:54.238  INFO 16716 --- [main] o.hibernate.annotations.common.Version   : HCANN000001: Hibernate Commons Annotations {5.1.2.Final}
2021-10-26 10:50:54.385  INFO 16716 --- [main] org.hibernate.dialect.Dialect            : HHH000400: Using dialect: org.hibernate.dialect.PostgreSQL95Dialect
2021-10-26 10:50:55.312  INFO 16716 --- [main] o.h.e.t.j.p.i.JtaPlatformInitiator       : HHH000490: Using JtaPlatform implementation: [org.hibernate.engine.transaction.jta.platform.internal.NoJtaPlatform]
2021-10-26 10:50:55.345  INFO 16716 --- [main] c.learning.project2.web.lex.BotService   : Initializing bot from yaml file
2021-10-26 10:50:57.945  INFO 16716 --- [main] c.l.project2.Project2ApplicationTests    : Started Project2ApplicationTests in 7.09 seconds (JVM running for 8.89)
2021-10-26 10:50:58.051  INFO 16716 --- [SpringApplicationShutdownHook] com.zaxxer.hikari.HikariDataSource       : HikariPool-1 - Shutdown initiated...
2021-10-26 10:50:58.065  INFO 16716 --- [SpringApplicationShutdownHook] com.zaxxer.hikari.HikariDataSource       : HikariPool-1 - Shutdown completed.
2021-10-26 10:51:48.708  INFO 19396 --- [main] c.l.project2.Project2ApplicationTests    : Starting Project2ApplicationTests using Java 1.8.0_302 on DESKTOP-GTIL6SV with PID 19396 (started by erose in C:\Users\erose\Desktop\Projects\Project2\project2\IntellijBuild)
2021-10-26 10:51:48.709 DEBUG 19396 --- [main] c.l.project2.Project2ApplicationTests    : Running with Spring Boot v2.5.5, Spring v5.3.10
2021-10-26 10:51:48.710  INFO 19396 --- [main] c.l.project2.Project2ApplicationTests    : No active profile set, falling back to default profiles: default
2021-10-26 10:51:50.513  INFO 19396 --- [main] com.zaxxer.hikari.HikariDataSource       : HikariPool-1 - Starting...
2021-10-26 10:51:51.466  INFO 19396 --- [main] com.zaxxer.hikari.HikariDataSource       : HikariPool-1 - Start completed.
2021-10-26 10:51:51.537  INFO 19396 --- [main] o.hibernate.jpa.internal.util.LogHelper  : HHH000204: Processing PersistenceUnitInfo [name: default]
2021-10-26 10:51:51.607  INFO 19396 --- [main] org.hibernate.Version                    : HHH000412: Hibernate ORM core version 5.4.32.Final
2021-10-26 10:51:51.658  INFO 19396 --- [main] o.hibernate.annotations.common.Version   : HCANN000001: Hibernate Commons Annotations {5.1.2.Final}
2021-10-26 10:51:51.801  INFO 19396 --- [main] org.hibernate.dialect.Dialect            : HHH000400: Using dialect: org.hibernate.dialect.PostgreSQL95Dialect
2021-10-26 10:51:52.696  INFO 19396 --- [main] o.h.e.t.j.p.i.JtaPlatformInitiator       : HHH000490: Using JtaPlatform implementation: [org.hibernate.engine.transaction.jta.platform.internal.NoJtaPlatform]
2021-10-26 10:51:52.728  INFO 19396 --- [main] c.learning.project2.web.lex.BotService   : Initializing bot from yaml file
2021-10-26 10:51:55.248  INFO 19396 --- [main] c.l.project2.Project2ApplicationTests    : Started Project2ApplicationTests in 6.896 seconds (JVM running for 8.101)
2021-10-26 10:51:55.361  INFO 19396 --- [SpringApplicationShutdownHook] com.zaxxer.hikari.HikariDataSource       : HikariPool-1 - Shutdown initiated...
2021-10-26 10:51:55.373  INFO 19396 --- [SpringApplicationShutdownHook] com.zaxxer.hikari.HikariDataSource       : HikariPool-1 - Shutdown completed.
2021-10-26 11:00:40.351  INFO 2728 --- [main] c.l.project2.Project2ApplicationTests    : Starting Project2ApplicationTests using Java 1.8.0_302 on DESKTOP-GTIL6SV with PID 2728 (started by erose in C:\Users\erose\Desktop\Projects\Project2\project2\IntellijBuild)
2021-10-26 11:00:40.353 DEBUG 2728 --- [main] c.l.project2.Project2ApplicationTests    : Running with Spring Boot v2.5.5, Spring v5.3.10
2021-10-26 11:00:40.354  INFO 2728 --- [main] c.l.project2.Project2ApplicationTests    : No active profile set, falling back to default profiles: default
2021-10-26 11:00:42.247  INFO 2728 --- [main] com.zaxxer.hikari.HikariDataSource       : HikariPool-1 - Starting...
2021-10-26 11:00:43.516  INFO 2728 --- [main] com.zaxxer.hikari.HikariDataSource       : HikariPool-1 - Start completed.
2021-10-26 11:00:43.591  INFO 2728 --- [main] o.hibernate.jpa.internal.util.LogHelper  : HHH000204: Processing PersistenceUnitInfo [name: default]
2021-10-26 11:00:43.659  INFO 2728 --- [main] org.hibernate.Version                    : HHH000412: Hibernate ORM core version 5.4.32.Final
2021-10-26 11:00:43.716  INFO 2728 --- [main] o.hibernate.annotations.common.Version   : HCANN000001: Hibernate Commons Annotations {5.1.2.Final}
2021-10-26 11:00:43.860  INFO 2728 --- [main] org.hibernate.dialect.Dialect            : HHH000400: Using dialect: org.hibernate.dialect.PostgreSQL95Dialect
2021-10-26 11:00:44.812  INFO 2728 --- [main] o.h.e.t.j.p.i.JtaPlatformInitiator       : HHH000490: Using JtaPlatform implementation: [org.hibernate.engine.transaction.jta.platform.internal.NoJtaPlatform]
2021-10-26 11:00:44.846  INFO 2728 --- [main] c.learning.project2.web.lex.BotService   : Initializing bot from yaml file
2021-10-26 11:00:47.498  INFO 2728 --- [main] c.l.project2.Project2ApplicationTests    : Started Project2ApplicationTests in 7.565 seconds (JVM running for 9.032)
2021-10-26 11:00:47.601  INFO 2728 --- [SpringApplicationShutdownHook] com.zaxxer.hikari.HikariDataSource       : HikariPool-1 - Shutdown initiated...
2021-10-26 11:00:47.617  INFO 2728 --- [SpringApplicationShutdownHook] com.zaxxer.hikari.HikariDataSource       : HikariPool-1 - Shutdown completed.
2021-10-26 11:02:53.536  INFO 17744 --- [main] c.l.project2.Project2ApplicationTests    : Starting Project2ApplicationTests using Java 1.8.0_302 on DESKTOP-GTIL6SV with PID 17744 (started by erose in C:\Users\erose\Desktop\Projects\Project2\project2\IntellijBuild)
2021-10-26 11:02:53.537 DEBUG 17744 --- [main] c.l.project2.Project2ApplicationTests    : Running with Spring Boot v2.5.5, Spring v5.3.10
2021-10-26 11:02:53.539  INFO 17744 --- [main] c.l.project2.Project2ApplicationTests    : No active profile set, falling back to default profiles: default
2021-10-26 11:02:55.356  INFO 17744 --- [main] com.zaxxer.hikari.HikariDataSource       : HikariPool-1 - Starting...
2021-10-26 11:02:56.446  INFO 17744 --- [main] com.zaxxer.hikari.HikariDataSource       : HikariPool-1 - Start completed.
2021-10-26 11:02:56.518  INFO 17744 --- [main] o.hibernate.jpa.internal.util.LogHelper  : HHH000204: Processing PersistenceUnitInfo [name: default]
2021-10-26 11:02:56.586  INFO 17744 --- [main] org.hibernate.Version                    : HHH000412: Hibernate ORM core version 5.4.32.Final
2021-10-26 11:02:56.638  INFO 17744 --- [main] o.hibernate.annotations.common.Version   : HCANN000001: Hibernate Commons Annotations {5.1.2.Final}
2021-10-26 11:02:56.781  INFO 17744 --- [main] org.hibernate.dialect.Dialect            : HHH000400: Using dialect: org.hibernate.dialect.PostgreSQL95Dialect
2021-10-26 11:02:57.704  INFO 17744 --- [main] o.h.e.t.j.p.i.JtaPlatformInitiator       : HHH000490: Using JtaPlatform implementation: [org.hibernate.engine.transaction.jta.platform.internal.NoJtaPlatform]
2021-10-26 11:02:57.741  INFO 17744 --- [main] c.learning.project2.web.lex.BotService   : Initializing bot from yaml file
2021-10-26 11:03:00.213  INFO 17744 --- [main] c.l.project2.Project2ApplicationTests    : Started Project2ApplicationTests in 7.034 seconds (JVM running for 8.303)
2021-10-26 11:03:00.281  INFO 17744 --- [main] c.learning.project2.web.lex.BotService   : Initializing bot from yaml file
2021-10-26 11:03:00.347  INFO 17744 --- [SpringApplicationShutdownHook] com.zaxxer.hikari.HikariDataSource       : HikariPool-1 - Shutdown initiated...
2021-10-26 11:03:00.358  INFO 17744 --- [SpringApplicationShutdownHook] com.zaxxer.hikari.HikariDataSource       : HikariPool-1 - Shutdown completed.
2021-10-26 11:05:11.395  INFO 17532 --- [main] c.l.project2.Project2ApplicationTests    : Starting Project2ApplicationTests using Java 1.8.0_302 on DESKTOP-GTIL6SV with PID 17532 (started by erose in C:\Users\erose\Desktop\Projects\Project2\project2\IntellijBuild)
2021-10-26 11:05:11.396 DEBUG 17532 --- [main] c.l.project2.Project2ApplicationTests    : Running with Spring Boot v2.5.5, Spring v5.3.10
2021-10-26 11:05:11.398  INFO 17532 --- [main] c.l.project2.Project2ApplicationTests    : No active profile set, falling back to default profiles: default
2021-10-26 11:05:13.173  INFO 17532 --- [main] com.zaxxer.hikari.HikariDataSource       : HikariPool-1 - Starting...
2021-10-26 11:05:14.142  INFO 17532 --- [main] com.zaxxer.hikari.HikariDataSource       : HikariPool-1 - Start completed.
2021-10-26 11:05:14.213  INFO 17532 --- [main] o.hibernate.jpa.internal.util.LogHelper  : HHH000204: Processing PersistenceUnitInfo [name: default]
2021-10-26 11:05:14.276  INFO 17532 --- [main] org.hibernate.Version                    : HHH000412: Hibernate ORM core version 5.4.32.Final
2021-10-26 11:05:14.321  INFO 17532 --- [main] o.hibernate.annotations.common.Version   : HCANN000001: Hibernate Commons Annotations {5.1.2.Final}
2021-10-26 11:05:14.472  INFO 17532 --- [main] org.hibernate.dialect.Dialect            : HHH000400: Using dialect: org.hibernate.dialect.PostgreSQL95Dialect
2021-10-26 11:05:15.348  INFO 17532 --- [main] o.h.e.t.j.p.i.JtaPlatformInitiator       : HHH000490: Using JtaPlatform implementation: [org.hibernate.engine.transaction.jta.platform.internal.NoJtaPlatform]
2021-10-26 11:05:17.523  INFO 17532 --- [main] c.l.project2.Project2ApplicationTests    : Started Project2ApplicationTests in 6.483 seconds (JVM running for 7.658)
2021-10-26 11:05:17.639  INFO 17532 --- [SpringApplicationShutdownHook] com.zaxxer.hikari.HikariDataSource       : HikariPool-1 - Shutdown initiated...
2021-10-26 11:05:17.777  INFO 17532 --- [SpringApplicationShutdownHook] com.zaxxer.hikari.HikariDataSource       : HikariPool-1 - Shutdown completed.
2021-10-26 11:06:10.342  INFO 6736 --- [main] c.l.project2.Project2ApplicationTests    : Starting Project2ApplicationTests using Java 1.8.0_302 on DESKTOP-GTIL6SV with PID 6736 (started by erose in C:\Users\erose\Desktop\Projects\Project2\project2\IntellijBuild)
2021-10-26 11:06:10.343 DEBUG 6736 --- [main] c.l.project2.Project2ApplicationTests    : Running with Spring Boot v2.5.5, Spring v5.3.10
2021-10-26 11:06:10.346  INFO 6736 --- [main] c.l.project2.Project2ApplicationTests    : No active profile set, falling back to default profiles: default
2021-10-26 11:06:12.153  INFO 6736 --- [main] com.zaxxer.hikari.HikariDataSource       : HikariPool-1 - Starting...
2021-10-26 11:06:13.066  INFO 6736 --- [main] com.zaxxer.hikari.HikariDataSource       : HikariPool-1 - Start completed.
2021-10-26 11:06:13.134  INFO 6736 --- [main] o.hibernate.jpa.internal.util.LogHelper  : HHH000204: Processing PersistenceUnitInfo [name: default]
2021-10-26 11:06:13.206  INFO 6736 --- [main] org.hibernate.Version                    : HHH000412: Hibernate ORM core version 5.4.32.Final
2021-10-26 11:06:13.258  INFO 6736 --- [main] o.hibernate.annotations.common.Version   : HCANN000001: Hibernate Commons Annotations {5.1.2.Final}
2021-10-26 11:06:13.398  INFO 6736 --- [main] org.hibernate.dialect.Dialect            : HHH000400: Using dialect: org.hibernate.dialect.PostgreSQL95Dialect
2021-10-26 11:06:14.290  INFO 6736 --- [main] o.h.e.t.j.p.i.JtaPlatformInitiator       : HHH000490: Using JtaPlatform implementation: [org.hibernate.engine.transaction.jta.platform.internal.NoJtaPlatform]
2021-10-26 11:06:16.462  INFO 6736 --- [main] c.l.project2.Project2ApplicationTests    : Started Project2ApplicationTests in 6.491 seconds (JVM running for 7.68)
2021-10-26 11:06:16.582  INFO 6736 --- [SpringApplicationShutdownHook] com.zaxxer.hikari.HikariDataSource       : HikariPool-1 - Shutdown initiated...
2021-10-26 11:06:16.784  INFO 6736 --- [SpringApplicationShutdownHook] com.zaxxer.hikari.HikariDataSource       : HikariPool-1 - Shutdown completed.
2021-10-26 11:06:53.305  INFO 9916 --- [main] c.l.project2.Project2ApplicationTests    : Starting Project2ApplicationTests using Java 1.8.0_302 on DESKTOP-GTIL6SV with PID 9916 (started by erose in C:\Users\erose\Desktop\Projects\Project2\project2\IntellijBuild)
2021-10-26 11:06:53.306 DEBUG 9916 --- [main] c.l.project2.Project2ApplicationTests    : Running with Spring Boot v2.5.5, Spring v5.3.10
2021-10-26 11:06:53.308  INFO 9916 --- [main] c.l.project2.Project2ApplicationTests    : No active profile set, falling back to default profiles: default
2021-10-26 11:06:55.180  INFO 9916 --- [main] com.zaxxer.hikari.HikariDataSource       : HikariPool-1 - Starting...
2021-10-26 11:06:56.129  INFO 9916 --- [main] com.zaxxer.hikari.HikariDataSource       : HikariPool-1 - Start completed.
2021-10-26 11:06:56.200  INFO 9916 --- [main] o.hibernate.jpa.internal.util.LogHelper  : HHH000204: Processing PersistenceUnitInfo [name: default]
2021-10-26 11:06:56.269  INFO 9916 --- [main] org.hibernate.Version                    : HHH000412: Hibernate ORM core version 5.4.32.Final
2021-10-26 11:06:56.323  INFO 9916 --- [main] o.hibernate.annotations.common.Version   : HCANN000001: Hibernate Commons Annotations {5.1.2.Final}
2021-10-26 11:06:56.465  INFO 9916 --- [main] org.hibernate.dialect.Dialect            : HHH000400: Using dialect: org.hibernate.dialect.PostgreSQL95Dialect
2021-10-26 11:06:57.358  INFO 9916 --- [main] o.h.e.t.j.p.i.JtaPlatformInitiator       : HHH000490: Using JtaPlatform implementation: [org.hibernate.engine.transaction.jta.platform.internal.NoJtaPlatform]
2021-10-26 11:06:59.523  INFO 9916 --- [main] c.l.project2.Project2ApplicationTests    : Started Project2ApplicationTests in 6.585 seconds (JVM running for 7.847)
2021-10-26 11:06:59.643  INFO 9916 --- [SpringApplicationShutdownHook] com.zaxxer.hikari.HikariDataSource       : HikariPool-1 - Shutdown initiated...
2021-10-26 11:06:59.770  INFO 9916 --- [SpringApplicationShutdownHook] com.zaxxer.hikari.HikariDataSource       : HikariPool-1 - Shutdown completed.
2021-10-26 11:07:10.599  INFO 6388 --- [main] c.l.project2.Project2ApplicationTests    : Starting Project2ApplicationTests using Java 1.8.0_302 on DESKTOP-GTIL6SV with PID 6388 (started by erose in C:\Users\erose\Desktop\Projects\Project2\project2\IntellijBuild)
2021-10-26 11:07:10.599 DEBUG 6388 --- [main] c.l.project2.Project2ApplicationTests    : Running with Spring Boot v2.5.5, Spring v5.3.10
2021-10-26 11:07:10.601  INFO 6388 --- [main] c.l.project2.Project2ApplicationTests    : No active profile set, falling back to default profiles: default
2021-10-26 11:07:12.611  INFO 6388 --- [main] com.zaxxer.hikari.HikariDataSource       : HikariPool-1 - Starting...
2021-10-26 11:07:13.604  INFO 6388 --- [main] com.zaxxer.hikari.HikariDataSource       : HikariPool-1 - Start completed.
2021-10-26 11:07:13.691  INFO 6388 --- [main] o.hibernate.jpa.internal.util.LogHelper  : HHH000204: Processing PersistenceUnitInfo [name: default]
2021-10-26 11:07:13.759  INFO 6388 --- [main] org.hibernate.Version                    : HHH000412: Hibernate ORM core version 5.4.32.Final
2021-10-26 11:07:13.824  INFO 6388 --- [main] o.hibernate.annotations.common.Version   : HCANN000001: Hibernate Commons Annotations {5.1.2.Final}
2021-10-26 11:07:13.990  INFO 6388 --- [main] org.hibernate.dialect.Dialect            : HHH000400: Using dialect: org.hibernate.dialect.PostgreSQL95Dialect
2021-10-26 11:07:14.927  INFO 6388 --- [main] o.h.e.t.j.p.i.JtaPlatformInitiator       : HHH000490: Using JtaPlatform implementation: [org.hibernate.engine.transaction.jta.platform.internal.NoJtaPlatform]
2021-10-26 11:07:17.618  INFO 6388 --- [main] c.l.project2.Project2ApplicationTests    : Started Project2ApplicationTests in 7.397 seconds (JVM running for 9.23)
2021-10-26 11:07:17.758  INFO 6388 --- [SpringApplicationShutdownHook] com.zaxxer.hikari.HikariDataSource       : HikariPool-1 - Shutdown initiated...
2021-10-26 11:07:17.769  INFO 6388 --- [SpringApplicationShutdownHook] com.zaxxer.hikari.HikariDataSource       : HikariPool-1 - Shutdown completed.
2021-10-26 11:09:00.320  INFO 17424 --- [main] c.l.project2.Project2ApplicationTests    : Starting Project2ApplicationTests using Java 1.8.0_302 on DESKTOP-GTIL6SV with PID 17424 (started by erose in C:\Users\erose\Desktop\Projects\Project2\project2\IntellijBuild)
2021-10-26 11:09:00.321 DEBUG 17424 --- [main] c.l.project2.Project2ApplicationTests    : Running with Spring Boot v2.5.5, Spring v5.3.10
2021-10-26 11:09:00.322  INFO 17424 --- [main] c.l.project2.Project2ApplicationTests    : No active profile set, falling back to default profiles: default
2021-10-26 11:09:02.137  INFO 17424 --- [main] com.zaxxer.hikari.HikariDataSource       : HikariPool-1 - Starting...
2021-10-26 11:09:03.141  INFO 17424 --- [main] com.zaxxer.hikari.HikariDataSource       : HikariPool-1 - Start completed.
2021-10-26 11:09:03.216  INFO 17424 --- [main] o.hibernate.jpa.internal.util.LogHelper  : HHH000204: Processing PersistenceUnitInfo [name: default]
2021-10-26 11:09:03.284  INFO 17424 --- [main] org.hibernate.Version                    : HHH000412: Hibernate ORM core version 5.4.32.Final
2021-10-26 11:09:03.337  INFO 17424 --- [main] o.hibernate.annotations.common.Version   : HCANN000001: Hibernate Commons Annotations {5.1.2.Final}
2021-10-26 11:09:03.480  INFO 17424 --- [main] org.hibernate.dialect.Dialect            : HHH000400: Using dialect: org.hibernate.dialect.PostgreSQL95Dialect
2021-10-26 11:09:04.359  INFO 17424 --- [main] o.h.e.t.j.p.i.JtaPlatformInitiator       : HHH000490: Using JtaPlatform implementation: [org.hibernate.engine.transaction.jta.platform.internal.NoJtaPlatform]
2021-10-26 11:09:06.562  INFO 17424 --- [main] c.l.project2.Project2ApplicationTests    : Started Project2ApplicationTests in 6.595 seconds (JVM running for 7.782)
2021-10-26 11:09:06.694  INFO 17424 --- [SpringApplicationShutdownHook] com.zaxxer.hikari.HikariDataSource       : HikariPool-1 - Shutdown initiated...
2021-10-26 11:09:06.705  INFO 17424 --- [SpringApplicationShutdownHook] com.zaxxer.hikari.HikariDataSource       : HikariPool-1 - Shutdown completed.
2021-10-26 11:11:23.378  INFO 10384 --- [main] c.l.project2.Project2ApplicationTests    : Starting Project2ApplicationTests using Java 1.8.0_302 on DESKTOP-GTIL6SV with PID 10384 (started by erose in C:\Users\erose\Desktop\Projects\Project2\project2\IntellijBuild)
2021-10-26 11:11:23.378 DEBUG 10384 --- [main] c.l.project2.Project2ApplicationTests    : Running with Spring Boot v2.5.5, Spring v5.3.10
2021-10-26 11:11:23.379  INFO 10384 --- [main] c.l.project2.Project2ApplicationTests    : No active profile set, falling back to default profiles: default
2021-10-26 11:11:25.279  INFO 10384 --- [main] com.zaxxer.hikari.HikariDataSource       : HikariPool-1 - Starting...
2021-10-26 11:11:26.300  INFO 10384 --- [main] com.zaxxer.hikari.HikariDataSource       : HikariPool-1 - Start completed.
2021-10-26 11:11:26.372  INFO 10384 --- [main] o.hibernate.jpa.internal.util.LogHelper  : HHH000204: Processing PersistenceUnitInfo [name: default]
2021-10-26 11:11:26.437  INFO 10384 --- [main] org.hibernate.Version                    : HHH000412: Hibernate ORM core version 5.4.32.Final
2021-10-26 11:11:26.485  INFO 10384 --- [main] o.hibernate.annotations.common.Version   : HCANN000001: Hibernate Commons Annotations {5.1.2.Final}
2021-10-26 11:11:26.660  INFO 10384 --- [main] org.hibernate.dialect.Dialect            : HHH000400: Using dialect: org.hibernate.dialect.PostgreSQL95Dialect
2021-10-26 11:11:27.570  INFO 10384 --- [main] o.h.e.t.j.p.i.JtaPlatformInitiator       : HHH000490: Using JtaPlatform implementation: [org.hibernate.engine.transaction.jta.platform.internal.NoJtaPlatform]
2021-10-26 11:11:29.833  INFO 10384 --- [main] c.l.project2.Project2ApplicationTests    : Started Project2ApplicationTests in 6.81 seconds (JVM running for 8.005)
2021-10-26 11:11:29.842  INFO 10384 --- [SpringApplicationShutdownHook] com.zaxxer.hikari.HikariDataSource       : HikariPool-1 - Shutdown initiated...
2021-10-26 11:11:30.230  INFO 10384 --- [SpringApplicationShutdownHook] com.zaxxer.hikari.HikariDataSource       : HikariPool-1 - Shutdown completed.
2021-10-26 11:14:01.420  INFO 20844 --- [main] c.l.project2.Project2ApplicationTests    : Starting Project2ApplicationTests using Java 1.8.0_302 on DESKTOP-GTIL6SV with PID 20844 (started by erose in C:\Users\erose\Desktop\Projects\Project2\project2\IntellijBuild)
2021-10-26 11:14:01.421 DEBUG 20844 --- [main] c.l.project2.Project2ApplicationTests    : Running with Spring Boot v2.5.5, Spring v5.3.10
2021-10-26 11:14:01.422  INFO 20844 --- [main] c.l.project2.Project2ApplicationTests    : No active profile set, falling back to default profiles: default
2021-10-26 11:14:03.248  INFO 20844 --- [main] com.zaxxer.hikari.HikariDataSource       : HikariPool-1 - Starting...
2021-10-26 11:14:04.176  INFO 20844 --- [main] com.zaxxer.hikari.HikariDataSource       : HikariPool-1 - Start completed.
2021-10-26 11:14:04.244  INFO 20844 --- [main] o.hibernate.jpa.internal.util.LogHelper  : HHH000204: Processing PersistenceUnitInfo [name: default]
2021-10-26 11:14:04.310  INFO 20844 --- [main] org.hibernate.Version                    : HHH000412: Hibernate ORM core version 5.4.32.Final
2021-10-26 11:14:04.356  INFO 20844 --- [main] o.hibernate.annotations.common.Version   : HCANN000001: Hibernate Commons Annotations {5.1.2.Final}
2021-10-26 11:14:04.520  INFO 20844 --- [main] org.hibernate.dialect.Dialect            : HHH000400: Using dialect: org.hibernate.dialect.PostgreSQL95Dialect
2021-10-26 11:14:05.445  INFO 20844 --- [main] o.h.e.t.j.p.i.JtaPlatformInitiator       : HHH000490: Using JtaPlatform implementation: [org.hibernate.engine.transaction.jta.platform.internal.NoJtaPlatform]
2021-10-26 11:14:07.766  INFO 20844 --- [main] c.l.project2.Project2ApplicationTests    : Started Project2ApplicationTests in 6.701 seconds (JVM running for 7.913)
2021-10-26 11:14:07.894  INFO 20844 --- [SpringApplicationShutdownHook] com.zaxxer.hikari.HikariDataSource       : HikariPool-1 - Shutdown initiated...
2021-10-26 11:14:07.909  INFO 20844 --- [SpringApplicationShutdownHook] com.zaxxer.hikari.HikariDataSource       : HikariPool-1 - Shutdown completed.
2021-10-26 11:16:19.889  INFO 17184 --- [main] c.l.project2.Project2ApplicationTests    : Starting Project2ApplicationTests using Java 1.8.0_302 on DESKTOP-GTIL6SV with PID 17184 (started by erose in C:\Users\erose\Desktop\Projects\Project2\project2\IntellijBuild)
2021-10-26 11:16:19.890 DEBUG 17184 --- [main] c.l.project2.Project2ApplicationTests    : Running with Spring Boot v2.5.5, Spring v5.3.10
2021-10-26 11:16:19.891  INFO 17184 --- [main] c.l.project2.Project2ApplicationTests    : No active profile set, falling back to default profiles: default
2021-10-26 11:16:21.715  INFO 17184 --- [main] com.zaxxer.hikari.HikariDataSource       : HikariPool-1 - Starting...
2021-10-26 11:16:22.623  INFO 17184 --- [main] com.zaxxer.hikari.HikariDataSource       : HikariPool-1 - Start completed.
2021-10-26 11:16:22.691  INFO 17184 --- [main] o.hibernate.jpa.internal.util.LogHelper  : HHH000204: Processing PersistenceUnitInfo [name: default]
2021-10-26 11:16:22.758  INFO 17184 --- [main] org.hibernate.Version                    : HHH000412: Hibernate ORM core version 5.4.32.Final
2021-10-26 11:16:22.810  INFO 17184 --- [main] o.hibernate.annotations.common.Version   : HCANN000001: Hibernate Commons Annotations {5.1.2.Final}
2021-10-26 11:16:22.952  INFO 17184 --- [main] org.hibernate.dialect.Dialect            : HHH000400: Using dialect: org.hibernate.dialect.PostgreSQL95Dialect
2021-10-26 11:16:23.837  INFO 17184 --- [main] o.h.e.t.j.p.i.JtaPlatformInitiator       : HHH000490: Using JtaPlatform implementation: [org.hibernate.engine.transaction.jta.platform.internal.NoJtaPlatform]
2021-10-26 11:16:26.025  INFO 17184 --- [main] c.l.project2.Project2ApplicationTests    : Started Project2ApplicationTests in 6.518 seconds (JVM running for 7.681)
2021-10-26 11:16:26.118  INFO 17184 --- [SpringApplicationShutdownHook] com.zaxxer.hikari.HikariDataSource       : HikariPool-1 - Shutdown initiated...
2021-10-26 11:16:26.446  INFO 17184 --- [SpringApplicationShutdownHook] com.zaxxer.hikari.HikariDataSource       : HikariPool-1 - Shutdown completed.
2021-10-26 11:19:11.054  INFO 6572 --- [main] c.l.project2.Project2ApplicationTests    : Starting Project2ApplicationTests using Java 1.8.0_302 on DESKTOP-GTIL6SV with PID 6572 (started by erose in C:\Users\erose\Desktop\Projects\Project2\project2\IntellijBuild)
2021-10-26 11:19:11.055 DEBUG 6572 --- [main] c.l.project2.Project2ApplicationTests    : Running with Spring Boot v2.5.5, Spring v5.3.10
2021-10-26 11:19:11.056  INFO 6572 --- [main] c.l.project2.Project2ApplicationTests    : No active profile set, falling back to default profiles: default
2021-10-26 11:19:12.849  INFO 6572 --- [main] com.zaxxer.hikari.HikariDataSource       : HikariPool-1 - Starting...
2021-10-26 11:19:13.745  INFO 6572 --- [main] com.zaxxer.hikari.HikariDataSource       : HikariPool-1 - Start completed.
2021-10-26 11:19:13.821  INFO 6572 --- [main] o.hibernate.jpa.internal.util.LogHelper  : HHH000204: Processing PersistenceUnitInfo [name: default]
2021-10-26 11:19:13.894  INFO 6572 --- [main] org.hibernate.Version                    : HHH000412: Hibernate ORM core version 5.4.32.Final
2021-10-26 11:19:13.936  INFO 6572 --- [main] o.hibernate.annotations.common.Version   : HCANN000001: Hibernate Commons Annotations {5.1.2.Final}
2021-10-26 11:19:14.075  INFO 6572 --- [main] org.hibernate.dialect.Dialect            : HHH000400: Using dialect: org.hibernate.dialect.PostgreSQL95Dialect
2021-10-26 11:19:14.928  INFO 6572 --- [main] o.h.e.t.j.p.i.JtaPlatformInitiator       : HHH000490: Using JtaPlatform implementation: [org.hibernate.engine.transaction.jta.platform.internal.NoJtaPlatform]
2021-10-26 11:19:16.981  INFO 6572 --- [main] c.l.project2.Project2ApplicationTests    : Started Project2ApplicationTests in 6.279 seconds (JVM running for 7.473)
2021-10-26 11:19:17.091  INFO 6572 --- [SpringApplicationShutdownHook] com.zaxxer.hikari.HikariDataSource       : HikariPool-1 - Shutdown initiated...
2021-10-26 11:19:17.391  INFO 6572 --- [SpringApplicationShutdownHook] com.zaxxer.hikari.HikariDataSource       : HikariPool-1 - Shutdown completed.
2021-10-26 11:20:30.931  INFO 11412 --- [main] c.l.project2.Project2ApplicationTests    : Starting Project2ApplicationTests using Java 1.8.0_302 on DESKTOP-GTIL6SV with PID 11412 (started by erose in C:\Users\erose\Desktop\Projects\Project2\project2\IntellijBuild)
2021-10-26 11:20:30.932 DEBUG 11412 --- [main] c.l.project2.Project2ApplicationTests    : Running with Spring Boot v2.5.5, Spring v5.3.10
2021-10-26 11:20:30.934  INFO 11412 --- [main] c.l.project2.Project2ApplicationTests    : No active profile set, falling back to default profiles: default
2021-10-26 11:20:32.745  INFO 11412 --- [main] com.zaxxer.hikari.HikariDataSource       : HikariPool-1 - Starting...
2021-10-26 11:20:33.711  INFO 11412 --- [main] com.zaxxer.hikari.HikariDataSource       : HikariPool-1 - Start completed.
2021-10-26 11:20:33.785  INFO 11412 --- [main] o.hibernate.jpa.internal.util.LogHelper  : HHH000204: Processing PersistenceUnitInfo [name: default]
2021-10-26 11:20:33.859  INFO 11412 --- [main] org.hibernate.Version                    : HHH000412: Hibernate ORM core version 5.4.32.Final
2021-10-26 11:20:33.901  INFO 11412 --- [main] o.hibernate.annotations.common.Version   : HCANN000001: Hibernate Commons Annotations {5.1.2.Final}
2021-10-26 11:20:34.042  INFO 11412 --- [main] org.hibernate.dialect.Dialect            : HHH000400: Using dialect: org.hibernate.dialect.PostgreSQL95Dialect
2021-10-26 11:20:34.940  INFO 11412 --- [main] o.h.e.t.j.p.i.JtaPlatformInitiator       : HHH000490: Using JtaPlatform implementation: [org.hibernate.engine.transaction.jta.platform.internal.NoJtaPlatform]
2021-10-26 11:20:36.993  INFO 11412 --- [main] c.l.project2.Project2ApplicationTests    : Started Project2ApplicationTests in 6.406 seconds (JVM running for 7.613)
2021-10-26 11:20:37.103  INFO 11412 --- [SpringApplicationShutdownHook] com.zaxxer.hikari.HikariDataSource       : HikariPool-1 - Shutdown initiated...
2021-10-26 11:20:37.322  INFO 11412 --- [SpringApplicationShutdownHook] com.zaxxer.hikari.HikariDataSource       : HikariPool-1 - Shutdown completed.
2021-10-26 11:21:06.071  INFO 19340 --- [main] c.l.project2.Project2ApplicationTests    : Starting Project2ApplicationTests using Java 1.8.0_302 on DESKTOP-GTIL6SV with PID 19340 (started by erose in C:\Users\erose\Desktop\Projects\Project2\project2\IntellijBuild)
2021-10-26 11:21:06.072 DEBUG 19340 --- [main] c.l.project2.Project2ApplicationTests    : Running with Spring Boot v2.5.5, Spring v5.3.10
2021-10-26 11:21:06.073  INFO 19340 --- [main] c.l.project2.Project2ApplicationTests    : No active profile set, falling back to default profiles: default
2021-10-26 11:21:07.842  INFO 19340 --- [main] com.zaxxer.hikari.HikariDataSource       : HikariPool-1 - Starting...
2021-10-26 11:21:08.841  INFO 19340 --- [main] com.zaxxer.hikari.HikariDataSource       : HikariPool-1 - Start completed.
2021-10-26 11:21:08.910  INFO 19340 --- [main] o.hibernate.jpa.internal.util.LogHelper  : HHH000204: Processing PersistenceUnitInfo [name: default]
2021-10-26 11:21:08.975  INFO 19340 --- [main] org.hibernate.Version                    : HHH000412: Hibernate ORM core version 5.4.32.Final
2021-10-26 11:21:09.019  INFO 19340 --- [main] o.hibernate.annotations.common.Version   : HCANN000001: Hibernate Commons Annotations {5.1.2.Final}
2021-10-26 11:21:09.167  INFO 19340 --- [main] org.hibernate.dialect.Dialect            : HHH000400: Using dialect: org.hibernate.dialect.PostgreSQL95Dialect
2021-10-26 11:21:10.052  INFO 19340 --- [main] o.h.e.t.j.p.i.JtaPlatformInitiator       : HHH000490: Using JtaPlatform implementation: [org.hibernate.engine.transaction.jta.platform.internal.NoJtaPlatform]
2021-10-26 11:21:12.148  INFO 19340 --- [main] c.l.project2.Project2ApplicationTests    : Started Project2ApplicationTests in 6.421 seconds (JVM running for 7.547)
2021-10-26 11:21:12.254  INFO 19340 --- [SpringApplicationShutdownHook] com.zaxxer.hikari.HikariDataSource       : HikariPool-1 - Shutdown initiated...
2021-10-26 11:21:12.519  INFO 19340 --- [SpringApplicationShutdownHook] com.zaxxer.hikari.HikariDataSource       : HikariPool-1 - Shutdown completed.
2021-10-26 11:23:25.838  INFO 6576 --- [main] c.l.project2.Project2ApplicationTests    : Starting Project2ApplicationTests using Java 1.8.0_302 on DESKTOP-GTIL6SV with PID 6576 (started by erose in C:\Users\erose\Desktop\Projects\Project2\project2\IntellijBuild)
2021-10-26 11:23:25.839 DEBUG 6576 --- [main] c.l.project2.Project2ApplicationTests    : Running with Spring Boot v2.5.5, Spring v5.3.10
2021-10-26 11:23:25.840  INFO 6576 --- [main] c.l.project2.Project2ApplicationTests    : No active profile set, falling back to default profiles: default
2021-10-26 11:23:27.646  INFO 6576 --- [main] com.zaxxer.hikari.HikariDataSource       : HikariPool-1 - Starting...
2021-10-26 11:23:28.617  INFO 6576 --- [main] com.zaxxer.hikari.HikariDataSource       : HikariPool-1 - Start completed.
2021-10-26 11:23:28.686  INFO 6576 --- [main] o.hibernate.jpa.internal.util.LogHelper  : HHH000204: Processing PersistenceUnitInfo [name: default]
2021-10-26 11:23:28.753  INFO 6576 --- [main] org.hibernate.Version                    : HHH000412: Hibernate ORM core version 5.4.32.Final
2021-10-26 11:23:28.803  INFO 6576 --- [main] o.hibernate.annotations.common.Version   : HCANN000001: Hibernate Commons Annotations {5.1.2.Final}
2021-10-26 11:23:28.941  INFO 6576 --- [main] org.hibernate.dialect.Dialect            : HHH000400: Using dialect: org.hibernate.dialect.PostgreSQL95Dialect
2021-10-26 11:23:29.844  INFO 6576 --- [main] o.h.e.t.j.p.i.JtaPlatformInitiator       : HHH000490: Using JtaPlatform implementation: [org.hibernate.engine.transaction.jta.platform.internal.NoJtaPlatform]
2021-10-26 11:23:31.966  INFO 6576 --- [main] c.l.project2.Project2ApplicationTests    : Started Project2ApplicationTests in 6.485 seconds (JVM running for 7.663)
2021-10-26 11:23:32.076  INFO 6576 --- [SpringApplicationShutdownHook] com.zaxxer.hikari.HikariDataSource       : HikariPool-1 - Shutdown initiated...
2021-10-26 11:23:32.444  INFO 6576 --- [SpringApplicationShutdownHook] com.zaxxer.hikari.HikariDataSource       : HikariPool-1 - Shutdown completed.
2021-10-26 11:25:09.713  INFO 8160 --- [main] c.l.project2.Project2ApplicationTests    : Starting Project2ApplicationTests using Java 1.8.0_302 on DESKTOP-GTIL6SV with PID 8160 (started by erose in C:\Users\erose\Desktop\Projects\Project2\project2\IntellijBuild)
2021-10-26 11:25:09.715 DEBUG 8160 --- [main] c.l.project2.Project2ApplicationTests    : Running with Spring Boot v2.5.5, Spring v5.3.10
2021-10-26 11:25:09.717  INFO 8160 --- [main] c.l.project2.Project2ApplicationTests    : No active profile set, falling back to default profiles: default
2021-10-26 11:25:11.512  INFO 8160 --- [main] com.zaxxer.hikari.HikariDataSource       : HikariPool-1 - Starting...
2021-10-26 11:25:12.470  INFO 8160 --- [main] com.zaxxer.hikari.HikariDataSource       : HikariPool-1 - Start completed.
2021-10-26 11:25:12.538  INFO 8160 --- [main] o.hibernate.jpa.internal.util.LogHelper  : HHH000204: Processing PersistenceUnitInfo [name: default]
2021-10-26 11:25:12.602  INFO 8160 --- [main] org.hibernate.Version                    : HHH000412: Hibernate ORM core version 5.4.32.Final
2021-10-26 11:25:12.647  INFO 8160 --- [main] o.hibernate.annotations.common.Version   : HCANN000001: Hibernate Commons Annotations {5.1.2.Final}
2021-10-26 11:25:12.799  INFO 8160 --- [main] org.hibernate.dialect.Dialect            : HHH000400: Using dialect: org.hibernate.dialect.PostgreSQL95Dialect
2021-10-26 11:25:13.679  INFO 8160 --- [main] o.h.e.t.j.p.i.JtaPlatformInitiator       : HHH000490: Using JtaPlatform implementation: [org.hibernate.engine.transaction.jta.platform.internal.NoJtaPlatform]
2021-10-26 11:25:15.754  INFO 8160 --- [main] c.l.project2.Project2ApplicationTests    : Started Project2ApplicationTests in 6.377 seconds (JVM running for 7.491)
2021-10-26 11:25:15.858  INFO 8160 --- [SpringApplicationShutdownHook] com.zaxxer.hikari.HikariDataSource       : HikariPool-1 - Shutdown initiated...
2021-10-26 11:25:16.157  INFO 8160 --- [SpringApplicationShutdownHook] com.zaxxer.hikari.HikariDataSource       : HikariPool-1 - Shutdown completed.
2021-10-26 11:28:46.328  INFO 13156 --- [main] c.l.project2.Project2ApplicationTests    : Starting Project2ApplicationTests using Java 1.8.0_302 on DESKTOP-GTIL6SV with PID 13156 (started by erose in C:\Users\erose\Desktop\Projects\Project2\project2\IntellijBuild)
2021-10-26 11:28:46.329 DEBUG 13156 --- [main] c.l.project2.Project2ApplicationTests    : Running with Spring Boot v2.5.5, Spring v5.3.10
2021-10-26 11:28:46.330  INFO 13156 --- [main] c.l.project2.Project2ApplicationTests    : No active profile set, falling back to default profiles: default
2021-10-26 11:28:48.125  INFO 13156 --- [main] com.zaxxer.hikari.HikariDataSource       : HikariPool-1 - Starting...
2021-10-26 11:28:49.036  INFO 13156 --- [main] com.zaxxer.hikari.HikariDataSource       : HikariPool-1 - Start completed.
2021-10-26 11:28:49.103  INFO 13156 --- [main] o.hibernate.jpa.internal.util.LogHelper  : HHH000204: Processing PersistenceUnitInfo [name: default]
2021-10-26 11:28:49.167  INFO 13156 --- [main] org.hibernate.Version                    : HHH000412: Hibernate ORM core version 5.4.32.Final
2021-10-26 11:28:49.220  INFO 13156 --- [main] o.hibernate.annotations.common.Version   : HCANN000001: Hibernate Commons Annotations {5.1.2.Final}
2021-10-26 11:28:49.359  INFO 13156 --- [main] org.hibernate.dialect.Dialect            : HHH000400: Using dialect: org.hibernate.dialect.PostgreSQL95Dialect
2021-10-26 11:28:50.231  INFO 13156 --- [main] o.h.e.t.j.p.i.JtaPlatformInitiator       : HHH000490: Using JtaPlatform implementation: [org.hibernate.engine.transaction.jta.platform.internal.NoJtaPlatform]
2021-10-26 11:28:52.391  INFO 13156 --- [main] c.l.project2.Project2ApplicationTests    : Started Project2ApplicationTests in 6.423 seconds (JVM running for 7.585)
2021-10-26 11:28:52.512  INFO 13156 --- [SpringApplicationShutdownHook] com.zaxxer.hikari.HikariDataSource       : HikariPool-1 - Shutdown initiated...
2021-10-26 11:28:52.803  INFO 13156 --- [SpringApplicationShutdownHook] com.zaxxer.hikari.HikariDataSource       : HikariPool-1 - Shutdown completed.
2021-10-26 11:29:41.016  INFO 20008 --- [main] c.l.project2.Project2ApplicationTests    : Starting Project2ApplicationTests using Java 1.8.0_302 on DESKTOP-GTIL6SV with PID 20008 (started by erose in C:\Users\erose\Desktop\Projects\Project2\project2\IntellijBuild)
2021-10-26 11:29:41.017 DEBUG 20008 --- [main] c.l.project2.Project2ApplicationTests    : Running with Spring Boot v2.5.5, Spring v5.3.10
2021-10-26 11:29:41.018  INFO 20008 --- [main] c.l.project2.Project2ApplicationTests    : No active profile set, falling back to default profiles: default
2021-10-26 11:29:42.829  INFO 20008 --- [main] com.zaxxer.hikari.HikariDataSource       : HikariPool-1 - Starting...
2021-10-26 11:29:43.778  INFO 20008 --- [main] com.zaxxer.hikari.HikariDataSource       : HikariPool-1 - Start completed.
2021-10-26 11:29:43.849  INFO 20008 --- [main] o.hibernate.jpa.internal.util.LogHelper  : HHH000204: Processing PersistenceUnitInfo [name: default]
2021-10-26 11:29:43.914  INFO 20008 --- [main] org.hibernate.Version                    : HHH000412: Hibernate ORM core version 5.4.32.Final
2021-10-26 11:29:43.965  INFO 20008 --- [main] o.hibernate.annotations.common.Version   : HCANN000001: Hibernate Commons Annotations {5.1.2.Final}
2021-10-26 11:29:44.106  INFO 20008 --- [main] org.hibernate.dialect.Dialect            : HHH000400: Using dialect: org.hibernate.dialect.PostgreSQL95Dialect
2021-10-26 11:29:44.991  INFO 20008 --- [main] o.h.e.t.j.p.i.JtaPlatformInitiator       : HHH000490: Using JtaPlatform implementation: [org.hibernate.engine.transaction.jta.platform.internal.NoJtaPlatform]
2021-10-26 11:29:47.187  INFO 20008 --- [main] c.l.project2.Project2ApplicationTests    : Started Project2ApplicationTests in 6.529 seconds (JVM running for 7.709)
2021-10-26 11:29:47.288  INFO 20008 --- [SpringApplicationShutdownHook] com.zaxxer.hikari.HikariDataSource       : HikariPool-1 - Shutdown initiated...
2021-10-26 11:29:47.588  INFO 20008 --- [SpringApplicationShutdownHook] com.zaxxer.hikari.HikariDataSource       : HikariPool-1 - Shutdown completed.
2021-10-26 11:32:33.436  INFO 19244 --- [main] c.l.project2.Project2ApplicationTests    : Starting Project2ApplicationTests using Java 1.8.0_302 on DESKTOP-GTIL6SV with PID 19244 (started by erose in C:\Users\erose\Desktop\Projects\Project2\project2\IntellijBuild)
2021-10-26 11:32:33.437 DEBUG 19244 --- [main] c.l.project2.Project2ApplicationTests    : Running with Spring Boot v2.5.5, Spring v5.3.10
2021-10-26 11:32:33.439  INFO 19244 --- [main] c.l.project2.Project2ApplicationTests    : No active profile set, falling back to default profiles: default
2021-10-26 11:32:35.243  INFO 19244 --- [main] com.zaxxer.hikari.HikariDataSource       : HikariPool-1 - Starting...
2021-10-26 11:32:36.239  INFO 19244 --- [main] com.zaxxer.hikari.HikariDataSource       : HikariPool-1 - Start completed.
2021-10-26 11:32:36.315  INFO 19244 --- [main] o.hibernate.jpa.internal.util.LogHelper  : HHH000204: Processing PersistenceUnitInfo [name: default]
2021-10-26 11:32:36.386  INFO 19244 --- [main] org.hibernate.Version                    : HHH000412: Hibernate ORM core version 5.4.32.Final
2021-10-26 11:32:36.433  INFO 19244 --- [main] o.hibernate.annotations.common.Version   : HCANN000001: Hibernate Commons Annotations {5.1.2.Final}
2021-10-26 11:32:36.580  INFO 19244 --- [main] org.hibernate.dialect.Dialect            : HHH000400: Using dialect: org.hibernate.dialect.PostgreSQL95Dialect
2021-10-26 11:32:37.473  INFO 19244 --- [main] o.h.e.t.j.p.i.JtaPlatformInitiator       : HHH000490: Using JtaPlatform implementation: [org.hibernate.engine.transaction.jta.platform.internal.NoJtaPlatform]
2021-10-26 11:32:39.677  INFO 19244 --- [main] c.l.project2.Project2ApplicationTests    : Started Project2ApplicationTests in 6.61 seconds (JVM running for 7.834)
2021-10-26 11:32:39.790  INFO 19244 --- [SpringApplicationShutdownHook] com.zaxxer.hikari.HikariDataSource       : HikariPool-1 - Shutdown initiated...
2021-10-26 11:32:39.970  INFO 19244 --- [SpringApplicationShutdownHook] com.zaxxer.hikari.HikariDataSource       : HikariPool-1 - Shutdown completed.
2021-10-26 11:35:45.530  INFO 19280 --- [main] c.l.project2.Project2ApplicationTests    : Starting Project2ApplicationTests using Java 1.8.0_302 on DESKTOP-GTIL6SV with PID 19280 (started by erose in C:\Users\erose\Desktop\Projects\Project2\project2\IntellijBuild)
2021-10-26 11:35:45.531 DEBUG 19280 --- [main] c.l.project2.Project2ApplicationTests    : Running with Spring Boot v2.5.5, Spring v5.3.10
2021-10-26 11:35:45.533  INFO 19280 --- [main] c.l.project2.Project2ApplicationTests    : No active profile set, falling back to default profiles: default
2021-10-26 11:35:47.374  INFO 19280 --- [main] com.zaxxer.hikari.HikariDataSource       : HikariPool-1 - Starting...
2021-10-26 11:35:48.365  INFO 19280 --- [main] com.zaxxer.hikari.HikariDataSource       : HikariPool-1 - Start completed.
2021-10-26 11:35:48.435  INFO 19280 --- [main] o.hibernate.jpa.internal.util.LogHelper  : HHH000204: Processing PersistenceUnitInfo [name: default]
2021-10-26 11:35:48.503  INFO 19280 --- [main] org.hibernate.Version                    : HHH000412: Hibernate ORM core version 5.4.32.Final
2021-10-26 11:35:48.554  INFO 19280 --- [main] o.hibernate.annotations.common.Version   : HCANN000001: Hibernate Commons Annotations {5.1.2.Final}
2021-10-26 11:35:48.700  INFO 19280 --- [main] org.hibernate.dialect.Dialect            : HHH000400: Using dialect: org.hibernate.dialect.PostgreSQL95Dialect
2021-10-26 11:35:49.585  INFO 19280 --- [main] o.h.e.t.j.p.i.JtaPlatformInitiator       : HHH000490: Using JtaPlatform implementation: [org.hibernate.engine.transaction.jta.platform.internal.NoJtaPlatform]
2021-10-26 11:35:51.797  INFO 19280 --- [main] c.l.project2.Project2ApplicationTests    : Started Project2ApplicationTests in 6.64 seconds (JVM running for 7.849)
2021-10-26 11:35:51.916  INFO 19280 --- [SpringApplicationShutdownHook] com.zaxxer.hikari.HikariDataSource       : HikariPool-1 - Shutdown initiated...
2021-10-26 11:35:52.129  INFO 19280 --- [SpringApplicationShutdownHook] com.zaxxer.hikari.HikariDataSource       : HikariPool-1 - Shutdown completed.
2021-10-26 11:36:10.540  INFO 9444 --- [main] c.l.project2.Project2ApplicationTests    : Starting Project2ApplicationTests using Java 1.8.0_302 on DESKTOP-GTIL6SV with PID 9444 (started by erose in C:\Users\erose\Desktop\Projects\Project2\project2\IntellijBuild)
2021-10-26 11:36:10.541 DEBUG 9444 --- [main] c.l.project2.Project2ApplicationTests    : Running with Spring Boot v2.5.5, Spring v5.3.10
2021-10-26 11:36:10.542  INFO 9444 --- [main] c.l.project2.Project2ApplicationTests    : No active profile set, falling back to default profiles: default
2021-10-26 11:36:12.393  INFO 9444 --- [main] com.zaxxer.hikari.HikariDataSource       : HikariPool-1 - Starting...
2021-10-26 11:36:13.345  INFO 9444 --- [main] com.zaxxer.hikari.HikariDataSource       : HikariPool-1 - Start completed.
2021-10-26 11:36:13.416  INFO 9444 --- [main] o.hibernate.jpa.internal.util.LogHelper  : HHH000204: Processing PersistenceUnitInfo [name: default]
2021-10-26 11:36:13.483  INFO 9444 --- [main] org.hibernate.Version                    : HHH000412: Hibernate ORM core version 5.4.32.Final
2021-10-26 11:36:13.536  INFO 9444 --- [main] o.hibernate.annotations.common.Version   : HCANN000001: Hibernate Commons Annotations {5.1.2.Final}
2021-10-26 11:36:13.676  INFO 9444 --- [main] org.hibernate.dialect.Dialect            : HHH000400: Using dialect: org.hibernate.dialect.PostgreSQL95Dialect
2021-10-26 11:36:14.568  INFO 9444 --- [main] o.h.e.t.j.p.i.JtaPlatformInitiator       : HHH000490: Using JtaPlatform implementation: [org.hibernate.engine.transaction.jta.platform.internal.NoJtaPlatform]
2021-10-26 11:36:16.731  INFO 9444 --- [main] c.l.project2.Project2ApplicationTests    : Started Project2ApplicationTests in 6.563 seconds (JVM running for 7.825)
2021-10-26 11:36:16.874  INFO 9444 --- [SpringApplicationShutdownHook] com.zaxxer.hikari.HikariDataSource       : HikariPool-1 - Shutdown initiated...
2021-10-26 11:36:16.959  INFO 9444 --- [SpringApplicationShutdownHook] com.zaxxer.hikari.HikariDataSource       : HikariPool-1 - Shutdown completed.
2021-10-26 11:39:45.307  INFO 16452 --- [main] c.l.project2.Project2ApplicationTests    : Starting Project2ApplicationTests using Java 1.8.0_302 on DESKTOP-GTIL6SV with PID 16452 (started by erose in C:\Users\erose\Desktop\Projects\Project2\project2\IntellijBuild)
2021-10-26 11:39:45.308 DEBUG 16452 --- [main] c.l.project2.Project2ApplicationTests    : Running with Spring Boot v2.5.5, Spring v5.3.10
2021-10-26 11:39:45.309  INFO 16452 --- [main] c.l.project2.Project2ApplicationTests    : No active profile set, falling back to default profiles: default
2021-10-26 11:39:47.193  INFO 16452 --- [main] com.zaxxer.hikari.HikariDataSource       : HikariPool-1 - Starting...
2021-10-26 11:39:48.137  INFO 16452 --- [main] com.zaxxer.hikari.HikariDataSource       : HikariPool-1 - Start completed.
2021-10-26 11:39:48.211  INFO 16452 --- [main] o.hibernate.jpa.internal.util.LogHelper  : HHH000204: Processing PersistenceUnitInfo [name: default]
2021-10-26 11:39:48.280  INFO 16452 --- [main] org.hibernate.Version                    : HHH000412: Hibernate ORM core version 5.4.32.Final
2021-10-26 11:39:48.331  INFO 16452 --- [main] o.hibernate.annotations.common.Version   : HCANN000001: Hibernate Commons Annotations {5.1.2.Final}
2021-10-26 11:39:48.470  INFO 16452 --- [main] org.hibernate.dialect.Dialect            : HHH000400: Using dialect: org.hibernate.dialect.PostgreSQL95Dialect
2021-10-26 11:39:49.351  INFO 16452 --- [main] o.h.e.t.j.p.i.JtaPlatformInitiator       : HHH000490: Using JtaPlatform implementation: [org.hibernate.engine.transaction.jta.platform.internal.NoJtaPlatform]
2021-10-26 11:39:51.551  INFO 16452 --- [main] c.l.project2.Project2ApplicationTests    : Started Project2ApplicationTests in 6.62 seconds (JVM running for 7.823)
2021-10-26 11:39:51.675  INFO 16452 --- [SpringApplicationShutdownHook] com.zaxxer.hikari.HikariDataSource       : HikariPool-1 - Shutdown initiated...
2021-10-26 11:39:51.792  INFO 16452 --- [SpringApplicationShutdownHook] com.zaxxer.hikari.HikariDataSource       : HikariPool-1 - Shutdown completed.
2021-10-26 11:50:16.895  INFO 9624 --- [main] c.l.project2.Project2ApplicationTests    : Starting Project2ApplicationTests using Java 1.8.0_302 on DESKTOP-GTIL6SV with PID 9624 (started by erose in C:\Users\erose\Desktop\Projects\Project2\project2\IntellijBuild)
2021-10-26 11:50:16.896 DEBUG 9624 --- [main] c.l.project2.Project2ApplicationTests    : Running with Spring Boot v2.5.5, Spring v5.3.10
2021-10-26 11:50:16.897  INFO 9624 --- [main] c.l.project2.Project2ApplicationTests    : No active profile set, falling back to default profiles: default
2021-10-26 11:50:18.716  INFO 9624 --- [main] com.zaxxer.hikari.HikariDataSource       : HikariPool-1 - Starting...
2021-10-26 11:50:19.658  INFO 9624 --- [main] com.zaxxer.hikari.HikariDataSource       : HikariPool-1 - Start completed.
2021-10-26 11:50:19.736  INFO 9624 --- [main] o.hibernate.jpa.internal.util.LogHelper  : HHH000204: Processing PersistenceUnitInfo [name: default]
2021-10-26 11:50:19.803  INFO 9624 --- [main] org.hibernate.Version                    : HHH000412: Hibernate ORM core version 5.4.32.Final
2021-10-26 11:50:19.853  INFO 9624 --- [main] o.hibernate.annotations.common.Version   : HCANN000001: Hibernate Commons Annotations {5.1.2.Final}
2021-10-26 11:50:19.998  INFO 9624 --- [main] org.hibernate.dialect.Dialect            : HHH000400: Using dialect: org.hibernate.dialect.PostgreSQL95Dialect
2021-10-26 11:50:20.892  INFO 9624 --- [main] o.h.e.t.j.p.i.JtaPlatformInitiator       : HHH000490: Using JtaPlatform implementation: [org.hibernate.engine.transaction.jta.platform.internal.NoJtaPlatform]
2021-10-26 11:50:23.111  INFO 9624 --- [main] c.l.project2.Project2ApplicationTests    : Started Project2ApplicationTests in 6.572 seconds (JVM running for 7.764)
2021-10-26 11:50:23.223  INFO 9624 --- [SpringApplicationShutdownHook] com.zaxxer.hikari.HikariDataSource       : HikariPool-1 - Shutdown initiated...
2021-10-26 11:50:23.245  INFO 9624 --- [SpringApplicationShutdownHook] com.zaxxer.hikari.HikariDataSource       : HikariPool-1 - Shutdown completed.
